<?xml version="1.0" encoding="UTF-8"?>
<!-- Generated by org.testng.reporters.JUnitXMLReporter -->
<testsuite ignored="0" hostname="DESKTOP-K5QTI9P" failures="0" tests="3" name="Test1" time="3.822" errors="0" timestamp="2024-03-22T11:54:39 IST">
  <testcase classname="tests.SaucedemoEtoEtest" name="loginusertest" time="0.593"/>
  <testcase classname="tests.SaucedemoEtoEtest" name="addtocart" time="0.171"/>
  <testcase classname="tests.SaucedemoEtoEtest" name="cartpage" time="0.18"/>
</testsuite> <!-- Test1 -->
