<?xml version="1.0" encoding="UTF-8"?>
<testng-results ignored="0" total="3" passed="3" failed="0" skipped="0">
  <reporter-output>
  </reporter-output>
  <suite started-at="2024-03-22T11:54:36 IST" name="Suite" finished-at="2024-03-22T11:54:39 IST" duration-ms="3822">
    <groups>
    </groups>
    <test started-at="2024-03-22T11:54:36 IST" name="Test1" finished-at="2024-03-22T11:54:39 IST" duration-ms="3822">
      <class name="tests.SaucedemoEtoEtest">
        <test-method is-config="true" signature="setup()[pri:0, instance:tests.SaucedemoEtoEtest@13fd2ccd]" started-at="2024-03-22T11:54:36 IST" name="setup" finished-at="2024-03-22T11:54:38 IST" duration-ms="2745" status="PASS">
          <reporter-output>
          </reporter-output>
        </test-method> <!-- setup -->
        <test-method is-config="true" signature="setupClass()[pri:0, instance:tests.SaucedemoEtoEtest@13fd2ccd]" started-at="2024-03-22T11:54:38 IST" name="setupClass" finished-at="2024-03-22T11:54:38 IST" duration-ms="60" status="PASS">
          <reporter-output>
          </reporter-output>
        </test-method> <!-- setupClass -->
        <test-method signature="loginusertest()[pri:0, instance:tests.SaucedemoEtoEtest@13fd2ccd]" started-at="2024-03-22T11:54:38 IST" name="loginusertest" finished-at="2024-03-22T11:54:39 IST" duration-ms="593" status="PASS">
          <reporter-output>
          </reporter-output>
        </test-method> <!-- loginusertest -->
        <test-method signature="addtocart()[pri:1, instance:tests.SaucedemoEtoEtest@13fd2ccd]" started-at="2024-03-22T11:54:39 IST" name="addtocart" finished-at="2024-03-22T11:54:39 IST" duration-ms="171" status="PASS">
          <reporter-output>
          </reporter-output>
        </test-method> <!-- addtocart -->
        <test-method signature="cartpage()[pri:2, instance:tests.SaucedemoEtoEtest@13fd2ccd]" started-at="2024-03-22T11:54:39 IST" name="cartpage" finished-at="2024-03-22T11:54:39 IST" duration-ms="180" status="PASS">
          <reporter-output>
          </reporter-output>
        </test-method> <!-- cartpage -->
        <test-method is-config="true" signature="tearDown()[pri:0, instance:tests.SaucedemoEtoEtest@13fd2ccd]" started-at="2024-03-22T11:54:39 IST" name="tearDown" finished-at="2024-03-22T11:54:39 IST" duration-ms="0" status="PASS">
          <reporter-output>
          </reporter-output>
        </test-method> <!-- tearDown -->
      </class> <!-- tests.SaucedemoEtoEtest -->
    </test> <!-- Test1 -->
  </suite> <!-- Suite -->
</testng-results>
